[debug] [2024-10-03T07:23:32.064Z] ----------------------------------------------------------------------
[debug] [2024-10-03T07:23:32.069Z] Command:       /home/adminpc/.nvm/versions/node/v18.20.3/bin/node /home/adminpc/.nvm/versions/node/v18.20.3/bin/firebase init
[debug] [2024-10-03T07:23:32.069Z] CLI Version:   13.20.2
[debug] [2024-10-03T07:23:32.070Z] Platform:      linux
[debug] [2024-10-03T07:23:32.070Z] Node Version:  v18.20.3
[debug] [2024-10-03T07:23:32.071Z] Time:          Thu Oct 03 2024 12:53:32 GMT+0530 (India Standard Time)
[debug] [2024-10-03T07:23:32.071Z] ----------------------------------------------------------------------
[debug] 
[debug] [2024-10-03T07:23:32.081Z] > command requires scopes: ["email","openid","https://www.googleapis.com/auth/cloudplatformprojects.readonly","https://www.googleapis.com/auth/firebase","https://www.googleapis.com/auth/cloud-platform"]
[debug] [2024-10-03T07:23:32.082Z] > authorizing via signed-in user (bshah@tibicle.com)
[info] 
     ######## #### ########  ######## ########     ###     ######  ########
     ##        ##  ##     ## ##       ##     ##  ##   ##  ##       ##
     ######    ##  ########  ######   ########  #########  ######  ######
     ##        ##  ##    ##  ##       ##     ## ##     ##       ## ##
     ##       #### ##     ## ######## ########  ##     ##  ######  ########

You're about to initialize a Firebase project in this directory:

  /home/adminpc/brijesh/embaded-video

[info] 
=== Project Setup
[info] 
[info] First, let's associate this project directory with a Firebase project.
[info] You can create multiple project aliases by running firebase use --add, 
[info] but for now we'll just set up a default project.
[info] 
[info] i  If you want to create a project in a Google Cloud organization or folder, please use "firebase projects:create" instead, and return to this command when you've created the project. 
[debug] [2024-10-03T07:23:46.376Z] Checked if tokens are valid: true, expires at: 1727942772802
[debug] [2024-10-03T07:23:46.378Z] Checked if tokens are valid: true, expires at: 1727942772802
[debug] [2024-10-03T07:23:46.395Z] >>> [apiv2][query] POST https://cloudresourcemanager.googleapis.com/v1/projects [none]
[debug] [2024-10-03T07:23:46.396Z] >>> [apiv2][body] POST https://cloudresourcemanager.googleapis.com/v1/projects {"projectId":"video-fredo","name":"video-fredo"}
[debug] [2024-10-03T07:23:49.224Z] <<< [apiv2][status] POST https://cloudresourcemanager.googleapis.com/v1/projects 200
[debug] [2024-10-03T07:23:49.225Z] <<< [apiv2][body] POST https://cloudresourcemanager.googleapis.com/v1/projects {"name":"operations/cp.4759779232271503384"}
[debug] [2024-10-03T07:23:49.233Z] Checked if tokens are valid: true, expires at: 1727942772802
[debug] [2024-10-03T07:23:49.234Z] Checked if tokens are valid: true, expires at: 1727942772802
[debug] [2024-10-03T07:23:49.235Z] >>> [apiv2][query] GET https://cloudresourcemanager.googleapis.com/v1/operations/cp.4759779232271503384 [none]
[debug] [2024-10-03T07:23:51.131Z] <<< [apiv2][status] GET https://cloudresourcemanager.googleapis.com/v1/operations/cp.4759779232271503384 200
[debug] [2024-10-03T07:23:51.132Z] <<< [apiv2][body] GET https://cloudresourcemanager.googleapis.com/v1/operations/cp.4759779232271503384 {"name":"operations/cp.4759779232271503384"}
[debug] [2024-10-03T07:23:51.637Z] [Project Creation Poller] Retrying task index 0
[debug] [2024-10-03T07:23:51.639Z] Checked if tokens are valid: true, expires at: 1727942772802
[debug] [2024-10-03T07:23:51.639Z] Checked if tokens are valid: true, expires at: 1727942772802
[debug] [2024-10-03T07:23:51.641Z] >>> [apiv2][query] GET https://cloudresourcemanager.googleapis.com/v1/operations/cp.4759779232271503384 [none]
[debug] [2024-10-03T07:23:53.426Z] <<< [apiv2][status] GET https://cloudresourcemanager.googleapis.com/v1/operations/cp.4759779232271503384 200
[debug] [2024-10-03T07:23:53.427Z] <<< [apiv2][body] GET https://cloudresourcemanager.googleapis.com/v1/operations/cp.4759779232271503384 {"name":"operations/cp.4759779232271503384","metadata":{"@type":"type.googleapis.com/google.cloudresourcemanager.v1.ProjectCreationStatus","gettable":true,"ready":true},"done":true,"response":{"@type":"type.googleapis.com/google.cloudresourcemanager.v1.Project","projectNumber":"839799500829","projectId":"video-fredo","lifecycleState":"ACTIVE","name":"video-fredo","createTime":"2024-10-03T07:23:50.851246Z","parent":{"type":"organization","id":"1037747489368"}}}
[debug] [2024-10-03T07:23:53.433Z] Checked if tokens are valid: true, expires at: 1727942772802
[debug] [2024-10-03T07:23:53.433Z] Checked if tokens are valid: true, expires at: 1727942772802
[debug] [2024-10-03T07:23:53.434Z] >>> [apiv2][query] POST https://firebase.googleapis.com/v1beta1/projects/video-fredo:addFirebase [none]
[debug] [2024-10-03T07:23:54.929Z] <<< [apiv2][status] POST https://firebase.googleapis.com/v1beta1/projects/video-fredo:addFirebase 403
[debug] [2024-10-03T07:23:54.930Z] <<< [apiv2][body] POST https://firebase.googleapis.com/v1beta1/projects/video-fredo:addFirebase {"error":{"code":403,"message":"The caller does not have permission","status":"PERMISSION_DENIED"}}
[debug] [2024-10-03T07:23:54.933Z] HTTP Error: 403, The caller does not have permission
[debug] [2024-10-03T07:23:55.199Z] FirebaseError: HTTP Error: 403, The caller does not have permission
    at responseToError (/home/adminpc/.nvm/versions/node/v18.20.3/lib/node_modules/firebase-tools/lib/responseToError.js:49:12)
    at RetryOperation._fn (/home/adminpc/.nvm/versions/node/v18.20.3/lib/node_modules/firebase-tools/lib/apiv2.js:312:77)
    at process.processTicksAndRejections (node:internal/process/task_queues:95:5)
[error] 
[error] Error: Failed to add Firebase to Google Cloud Platform project. See firebase-debug.log for more info.
[debug] [2024-10-03T07:31:38.840Z] ----------------------------------------------------------------------
[debug] [2024-10-03T07:31:38.844Z] Command:       /home/adminpc/.nvm/versions/node/v18.20.3/bin/node /home/adminpc/.nvm/versions/node/v18.20.3/bin/firebase init
[debug] [2024-10-03T07:31:38.844Z] CLI Version:   13.20.2
[debug] [2024-10-03T07:31:38.845Z] Platform:      linux
[debug] [2024-10-03T07:31:38.845Z] Node Version:  v18.20.3
[debug] [2024-10-03T07:31:38.846Z] Time:          Thu Oct 03 2024 13:01:38 GMT+0530 (India Standard Time)
[debug] [2024-10-03T07:31:38.846Z] ----------------------------------------------------------------------
[debug] 
[debug] [2024-10-03T07:31:38.855Z] > command requires scopes: ["email","openid","https://www.googleapis.com/auth/cloudplatformprojects.readonly","https://www.googleapis.com/auth/firebase","https://www.googleapis.com/auth/cloud-platform"]
[debug] [2024-10-03T07:31:38.856Z] > authorizing via signed-in user (bshah@tibicle.com)
[info] 
     ######## #### ########  ######## ########     ###     ######  ########
     ##        ##  ##     ## ##       ##     ##  ##   ##  ##       ##
     ######    ##  ########  ######   ########  #########  ######  ######
     ##        ##  ##    ##  ##       ##     ## ##     ##       ## ##
     ##       #### ##     ## ######## ########  ##     ##  ######  ########

You're about to initialize a Firebase project in this directory:

  /home/adminpc/brijesh/embaded-video

[info] 
=== Project Setup
[info] 
[info] First, let's associate this project directory with a Firebase project.
[info] You can create multiple project aliases by running firebase use --add, 
[info] but for now we'll just set up a default project.
[info] 
[debug] [2024-10-03T07:31:45.670Z] Checked if tokens are valid: true, expires at: 1727942772802
[debug] [2024-10-03T07:31:45.672Z] Checked if tokens are valid: true, expires at: 1727942772802
[debug] [2024-10-03T07:31:45.690Z] >>> [apiv2][query] GET https://firebase.googleapis.com/v1beta1/projects pageSize=100
[debug] [2024-10-03T07:31:46.952Z] <<< [apiv2][status] GET https://firebase.googleapis.com/v1beta1/projects 200
[debug] [2024-10-03T07:31:46.953Z] <<< [apiv2][body] GET https://firebase.googleapis.com/v1beta1/projects [omitted]
[info] i  Using project video-fredo-8be0a (video-fredo) 
[info] 
=== Hosting Setup
[debug] [2024-10-03T07:31:53.978Z] Checked if tokens are valid: true, expires at: 1727942772802
[debug] [2024-10-03T07:31:53.980Z] Checked if tokens are valid: true, expires at: 1727942772802
[debug] [2024-10-03T07:31:53.981Z] >>> [apiv2][query] GET https://firebase.googleapis.com/v1beta1/projects/video-fredo-8be0a [none]
[debug] [2024-10-03T07:31:54.485Z] <<< [apiv2][status] GET https://firebase.googleapis.com/v1beta1/projects/video-fredo-8be0a 200
[debug] [2024-10-03T07:31:54.486Z] <<< [apiv2][body] GET https://firebase.googleapis.com/v1beta1/projects/video-fredo-8be0a {"projectId":"video-fredo-8be0a","projectNumber":"618910877729","displayName":"video-fredo","name":"projects/video-fredo-8be0a","resources":{"hostingSite":"video-fredo-8be0a"},"state":"ACTIVE","etag":"1_4515f8e1-8988-48bf-b899-26ce9f5b2aff"}
[info] 
[info] Your public directory is the folder (relative to your project directory) that
[info] will contain Hosting assets to be uploaded with firebase deploy. If you
[info] have a build process for your assets, use your build's output directory.
[info] 
[debug] [2024-10-03T07:33:00.176Z] >>> [apiv2][query] GET https://www.gstatic.com/firebasejs/releases.json [none]
[debug] [2024-10-03T07:33:00.436Z] <<< [apiv2][status] GET https://www.gstatic.com/firebasejs/releases.json 200
[debug] [2024-10-03T07:33:00.438Z] <<< [apiv2][body] GET https://www.gstatic.com/firebasejs/releases.json {"current":{"version":"10.14.0","browserURL":"https://www.gstatic.com/firebasejs/10.14.0/firebase.js","packageURL":"https://www.gstatic.com/firebasejs/10.14.0/firebase.tgz"},"live":{"version":"10.14","browserURL":"https://www.gstatic.com/firebasejs/live/10.14/firebase.js","packageURL":"https://www.gstatic.com/firebasejs/live/10.14/firebase.tgz"},"components":{"analytics":"https://www.gstatic.com/firebasejs/10.14.0/firebase-analytics.js","app":"https://www.gstatic.com/firebasejs/10.14.0/firebase-app.js","app-check":"https://www.gstatic.com/firebasejs/10.14.0/firebase-app-check.js","auth":"https://www.gstatic.com/firebasejs/10.14.0/firebase-auth.js","auth/cordova":"https://www.gstatic.com/firebasejs/10.14.0/firebase-auth/cordova.js","auth/web-extension":"https://www.gstatic.com/firebasejs/10.14.0/firebase-auth/web-extension.js","functions":"https://www.gstatic.com/firebasejs/10.14.0/firebase-functions.js","firestore":"https://www.gstatic.com/firebasejs/10.14.0/firebase-firestore.js","firestore/lite":"https://www.gstatic.com/firebasejs/10.14.0/firebase-firestore/lite.js","installations":"https://www.gstatic.com/firebasejs/10.14.0/firebase-installations.js","storage":"https://www.gstatic.com/firebasejs/10.14.0/firebase-storage.js","performance":"https://www.gstatic.com/firebasejs/10.14.0/firebase-performance.js","remote-config":"https://www.gstatic.com/firebasejs/10.14.0/firebase-remote-config.js","messaging":"https://www.gstatic.com/firebasejs/10.14.0/firebase-messaging.js","messaging/sw":"https://www.gstatic.com/firebasejs/10.14.0/firebase-messaging/sw.js","database":"https://www.gstatic.com/firebasejs/10.14.0/firebase-database.js","data-connect":"https://www.gstatic.com/firebasejs/10.14.0/firebase-data-connect.js","vertexai-preview":"https://www.gstatic.com/firebasejs/10.14.0/firebase-vertexai-preview.js","firestore.memory":"https://www.gstatic.com/firebasejs/10.14.0/firebase-firestore.memory.js"}}
[info] ✔  Wrote public/index.html 
[info] 
[info] i  Didn't detect a .git folder. Assuming /home/adminpc/brijesh/embaded-video is the project root. 
[info] i  Authorizing with GitHub to upload your service account to a GitHub repository's secrets store. 
[info] 
[info] Visit this URL on this device to log in:
[info] https://github.com/login/oauth/authorize?client_id=89cf50f02ac6aaed3484&state=599061203&redirect_uri=http%3A%2F%2Flocalhost%3A9005&scope=read%3Auser%20repo%20public_repo
[info] 
[info] Waiting for authentication...
[debug] [2024-10-03T07:33:29.954Z] >>> [apiv2][query] POST https://github.com/login/oauth/access_token [none]
[debug] [2024-10-03T07:33:29.954Z] >>> [apiv2][body] POST https://github.com/login/oauth/access_token [stream]
[debug] [2024-10-03T07:33:30.526Z] <<< [apiv2][status] POST https://github.com/login/oauth/access_token 200
[debug] [2024-10-03T07:33:30.526Z] <<< [apiv2][body] POST https://github.com/login/oauth/access_token {"access_token":"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","token_type":"bearer","scope":"read:user,repo"}
[debug] [2024-10-03T07:33:30.552Z] >>> [apiv2][query] GET https://api.github.com/user [none]
[debug] [2024-10-03T07:33:31.148Z] <<< [apiv2][status] GET https://api.github.com/user 200
[debug] [2024-10-03T07:33:31.149Z] <<< [apiv2][body] GET https://api.github.com/user {"login":"bshahTibicle","id":102585214,"node_id":"U_kgDOBh1Tfg","avatar_url":"https://avatars.githubusercontent.com/u/102585214?v=4","gravatar_id":"","url":"https://api.github.com/users/bshahTibicle","html_url":"https://github.com/bshahTibicle","followers_url":"https://api.github.com/users/bshahTibicle/followers","following_url":"https://api.github.com/users/bshahTibicle/following{/other_user}","gists_url":"https://api.github.com/users/bshahTibicle/gists{/gist_id}","starred_url":"https://api.github.com/users/bshahTibicle/starred{/owner}{/repo}","subscriptions_url":"https://api.github.com/users/bshahTibicle/subscriptions","organizations_url":"https://api.github.com/users/bshahTibicle/orgs","repos_url":"https://api.github.com/users/bshahTibicle/repos","events_url":"https://api.github.com/users/bshahTibicle/events{/privacy}","received_events_url":"https://api.github.com/users/bshahTibicle/received_events","type":"User","site_admin":false,"name":"brijesh","company":"Tibicle","blog":"","location":"ahmedabad","email":null,"hireable":null,"bio":null,"twitter_username":null,"notification_email":null,"public_repos":0,"public_gists":0,"followers":0,"following":1,"created_at":"2022-03-29T08:43:52Z","updated_at":"2024-10-03T05:18:16Z","private_gists":0,"total_private_repos":1,"owned_private_repos":1,"disk_usage":0,"collaborators":0,"two_factor_authentication":false,"plan":{"name":"free","space":976562499,"collaborators":0,"private_repos":10000}}
[info] 
[info] ✔  Success! Logged into GitHub as bshahTibicle 
[info] 
[debug] [2024-10-03T07:33:59.384Z] >>> [apiv2][query] GET https://api.github.com/repos//actions/secrets/public-key type=owner
[debug] [2024-10-03T07:33:59.927Z] <<< [apiv2][status] GET https://api.github.com/repos//actions/secrets/public-key 404
[debug] [2024-10-03T07:33:59.928Z] <<< [apiv2][body] GET https://api.github.com/repos//actions/secrets/public-key {"message":"Not Found","documentation_url":"https://docs.github.com/rest","status":"404"}
[info] 
[info] 
[error] ⚠  The provided authorization cannot be used with this repository. If this repository is in an organization, did you remember to grant access? 
[info] 
[info] i  Action required: Visit this URL to ensure access has been granted to the appropriate organization(s) for the Firebase CLI GitHub OAuth App: 
[info] https://github.com/settings/connections/applications/89cf50f02ac6aaed3484
[info] 
[debug] [2024-10-03T07:35:20.083Z] >>> [apiv2][query] GET https://api.github.com/repos/test/actions/secrets/public-key type=owner
[debug] [2024-10-03T07:35:20.547Z] <<< [apiv2][status] GET https://api.github.com/repos/test/actions/secrets/public-key 404
[debug] [2024-10-03T07:35:20.548Z] <<< [apiv2][body] GET https://api.github.com/repos/test/actions/secrets/public-key {"message":"Not Found","documentation_url":"https://docs.github.com/rest","status":"404"}
[info] 
[info] 
[error] ⚠  The provided authorization cannot be used with this repository. If this repository is in an organization, did you remember to grant access? 
[info] 
[info] i  Action required: Visit this URL to ensure access has been granted to the appropriate organization(s) for the Firebase CLI GitHub OAuth App: 
[info] https://github.com/settings/connections/applications/89cf50f02ac6aaed3484
[info] 
